<?xml version="1.0" encoding="UTF-8"?>
<testng-results total="9" passed="9" failed="0" skipped="0">
  <reporter-output>
  </reporter-output>
  <suite started-at="2024-12-14T05:40:12Z" name="Test Suite for Buildout" finished-at="2024-12-14T05:40:30Z" duration-ms="18244">
    <groups>
    </groups>
    <test started-at="2024-12-14T05:40:12Z" name="Test Cases for Buildout" finished-at="2024-12-14T05:40:30Z" duration-ms="18244">
      <class name="demo.TestCases">
        <test-method is-config="true" signature="startBrowser()[pri:0, instance:demo.TestCases@2b5f4d54]" started-at="2024-12-14T11:10:12Z" name="startBrowser" finished-at="2024-12-14T11:10:15Z" duration-ms="2623" status="PASS">
          <reporter-output>
          </reporter-output>
        </test-method> <!-- startBrowser -->
        <test-method signature="testCase01()[pri:0, instance:demo.TestCases@2b5f4d54]" started-at="2024-12-14T11:10:15Z" name="testCase01" finished-at="2024-12-14T11:10:22Z" duration-ms="7666" status="PASS">
          <reporter-output>
          </reporter-output>
        </test-method> <!-- testCase01 -->
        <test-method signature="testCase02()[pri:0, instance:demo.TestCases@2b5f4d54]" started-at="2024-12-14T11:10:22Z" name="testCase02" finished-at="2024-12-14T11:10:22Z" duration-ms="220" status="PASS">
          <reporter-output>
          </reporter-output>
        </test-method> <!-- testCase02 -->
        <test-method signature="testCase03()[pri:0, instance:demo.TestCases@2b5f4d54]" started-at="2024-12-14T11:10:22Z" name="testCase03" finished-at="2024-12-14T11:10:23Z" duration-ms="181" status="PASS">
          <reporter-output>
          </reporter-output>
        </test-method> <!-- testCase03 -->
        <test-method signature="testCase04()[pri:0, instance:demo.TestCases@2b5f4d54]" started-at="2024-12-14T11:10:23Z" name="testCase04" finished-at="2024-12-14T11:10:23Z" duration-ms="90" status="PASS">
          <reporter-output>
          </reporter-output>
        </test-method> <!-- testCase04 -->
        <test-method signature="testCase05()[pri:0, instance:demo.TestCases@2b5f4d54]" started-at="2024-12-14T11:10:23Z" name="testCase05" finished-at="2024-12-14T11:10:23Z" duration-ms="263" status="PASS">
          <reporter-output>
          </reporter-output>
        </test-method> <!-- testCase05 -->
        <test-method signature="testCase06()[pri:0, instance:demo.TestCases@2b5f4d54]" started-at="2024-12-14T11:10:23Z" name="testCase06" finished-at="2024-12-14T11:10:27Z" duration-ms="4265" status="PASS">
          <reporter-output>
          </reporter-output>
        </test-method> <!-- testCase06 -->
        <test-method signature="testCase07()[pri:0, instance:demo.TestCases@2b5f4d54]" started-at="2024-12-14T11:10:27Z" name="testCase07" finished-at="2024-12-14T11:10:27Z" duration-ms="163" status="PASS">
          <reporter-output>
          </reporter-output>
        </test-method> <!-- testCase07 -->
        <test-method signature="testCase08()[pri:0, instance:demo.TestCases@2b5f4d54]" started-at="2024-12-14T11:10:27Z" name="testCase08" finished-at="2024-12-14T11:10:28Z" duration-ms="146" status="PASS">
          <reporter-output>
          </reporter-output>
        </test-method> <!-- testCase08 -->
        <test-method signature="testCase09()[pri:0, instance:demo.TestCases@2b5f4d54]" started-at="2024-12-14T11:10:28Z" name="testCase09" finished-at="2024-12-14T11:10:29Z" duration-ms="1829" status="PASS">
          <reporter-output>
          </reporter-output>
        </test-method> <!-- testCase09 -->
        <test-method is-config="true" signature="endTest()[pri:0, instance:demo.TestCases@2b5f4d54]" started-at="2024-12-14T11:10:29Z" name="endTest" finished-at="2024-12-14T11:10:30Z" duration-ms="789" status="PASS">
          <reporter-output>
          </reporter-output>
        </test-method> <!-- endTest -->
      </class> <!-- demo.TestCases -->
    </test> <!-- Test Cases for Buildout -->
  </suite> <!-- Test Suite for Buildout -->
</testng-results>
